<?xml version="1.0" encoding="UTF-8"?>
<!-- Generated by org.testng.reporters.JUnitXMLReporter -->
<testsuite ignored="0" hostname="LAPTOP-76HAPQ6V" failures="1" tests="2" name="Test" time="25.539" errors="0" timestamp="2023-09-05T14:34:16 IST">
  <testcase classname="LoginTest.LoginTest" name="@BeforeMethod login" time="2.649">
    <failure type="org.openqa.selenium.ElementClickInterceptedException" message="element click intercepted: Element &amp;lt;span id=&amp;quot;central-login-sign-in-with-password-span&amp;quot;&amp;gt;...&amp;lt;/span&amp;gt; is not clickable at point (755, 463). Other element would receive the click: &amp;lt;a href=&amp;quot;javascript:void(0)&amp;quot; class=&amp;quot;cl-btn sr-btn-primary central-login-sign-in-with-otp-calss&amp;quot; id=&amp;quot;central-login-sign-in-with-otp&amp;quot;&amp;gt;...&amp;lt;/a&amp;gt;
  (Session info: chrome=116.0.5845.141)
Build info: version: &amp;apos;4.11.0&amp;apos;, revision: &amp;apos;040bc5406b&amp;apos;
System info: os.name: &amp;apos;Windows 11&amp;apos;, os.arch: &amp;apos;amd64&amp;apos;, os.version: &amp;apos;10.0&amp;apos;, java.version: &amp;apos;11.0.16.1&amp;apos;
Driver info: org.openqa.selenium.chrome.ChromeDriver
Command: [0d46acddf831376fbbd70ca8eefa4982, clickElement {id=0FBA0323AFC82227B8698B794D9265B3_element_140}]
Capabilities {acceptInsecureCerts: false, browserName: chrome, browserVersion: 116.0.5845.141, chrome: {chromedriverVersion: 116.0.5845.96 (1a3918166880..., userDataDir: C:\Users\jayas\AppData\Loca...}, fedcm:accounts: true, goog:chromeOptions: {debuggerAddress: localhost:56545}, networkConnectionEnabled: false, pageLoadStrategy: normal, platformName: windows, proxy: Proxy(), se:cdp: ws://localhost:56545/devtoo..., se:cdpVersion: 116.0.5845.141, setWindowRect: true, strictFileInteractability: false, timeouts: {implicit: 0, pageLoad: 300000, script: 30000}, unhandledPromptBehavior: dismiss and notify, webauthn:extension:credBlob: true, webauthn:extension:largeBlob: true, webauthn:extension:minPinLength: true, webauthn:extension:prf: true, webauthn:virtualAuthenticators: true}
Element: [[ChromeDriver: chrome on windows (0d46acddf831376fbbd70ca8eefa4982)] -&amp;gt; xpath: (//span[text()=&amp;apos;Sign in with Password&amp;apos;])[2]]
Session ID: 0d46acddf831376fbbd70ca8eefa4982">
      <![CDATA[org.openqa.selenium.ElementClickInterceptedException: element click intercepted: Element <span id="central-login-sign-in-with-password-span">...</span> is not clickable at point (755, 463). Other element would receive the click: <a href="javascript:void(0)" class="cl-btn sr-btn-primary central-login-sign-in-with-otp-calss" id="central-login-sign-in-with-otp">...</a>
  (Session info: chrome=116.0.5845.141)
Build info: version: '4.11.0', revision: '040bc5406b'
System info: os.name: 'Windows 11', os.arch: 'amd64', os.version: '10.0', java.version: '11.0.16.1'
Driver info: org.openqa.selenium.chrome.ChromeDriver
Command: [0d46acddf831376fbbd70ca8eefa4982, clickElement {id=0FBA0323AFC82227B8698B794D9265B3_element_140}]
Capabilities {acceptInsecureCerts: false, browserName: chrome, browserVersion: 116.0.5845.141, chrome: {chromedriverVersion: 116.0.5845.96 (1a3918166880..., userDataDir: C:\Users\jayas\AppData\Loca...}, fedcm:accounts: true, goog:chromeOptions: {debuggerAddress: localhost:56545}, networkConnectionEnabled: false, pageLoadStrategy: normal, platformName: windows, proxy: Proxy(), se:cdp: ws://localhost:56545/devtoo..., se:cdpVersion: 116.0.5845.141, setWindowRect: true, strictFileInteractability: false, timeouts: {implicit: 0, pageLoad: 300000, script: 30000}, unhandledPromptBehavior: dismiss and notify, webauthn:extension:credBlob: true, webauthn:extension:largeBlob: true, webauthn:extension:minPinLength: true, webauthn:extension:prf: true, webauthn:virtualAuthenticators: true}
Element: [[ChromeDriver: chrome on windows (0d46acddf831376fbbd70ca8eefa4982)] -> xpath: (//span[text()='Sign in with Password'])[2]]
Session ID: 0d46acddf831376fbbd70ca8eefa4982
at org.openqa.selenium.remote.codec.w3c.W3CHttpResponseCodec.createException(W3CHttpResponseCodec.java:200)
at org.openqa.selenium.remote.codec.w3c.W3CHttpResponseCodec.decode(W3CHttpResponseCodec.java:133)
at org.openqa.selenium.remote.codec.w3c.W3CHttpResponseCodec.decode(W3CHttpResponseCodec.java:52)
at org.openqa.selenium.remote.HttpCommandExecutor.execute(HttpCommandExecutor.java:191)
at org.openqa.selenium.remote.service.DriverCommandExecutor.invokeExecute(DriverCommandExecutor.java:196)
at org.openqa.selenium.remote.service.DriverCommandExecutor.execute(DriverCommandExecutor.java:171)
at org.openqa.selenium.remote.RemoteWebDriver.execute(RemoteWebDriver.java:518)
at org.openqa.selenium.remote.RemoteWebElement.execute(RemoteWebElement.java:224)
at org.openqa.selenium.remote.RemoteWebElement.click(RemoteWebElement.java:77)
at org.openqa.selenium.support.pagefactory.internal.LocatingElementHandler.invoke(LocatingElementHandler.java:51)
at com.sun.proxy.$Proxy15.click(Unknown Source)
at Login.P2_Mobno.clickonSinginwithPWD(P2_Mobno.java:24)
at LoginTest.LoginTest.login(LoginTest.java:55)
at java.base/java.util.ArrayList.forEach(ArrayList.java:1541)
... Removed 43 stack frames]]>
    </failure>
  </testcase> <!-- @BeforeMethod login -->
  <testcase classname="LoginTest.LoginTest" name="@AfterMethod name" time="0.0">
    <skipped/>
  </testcase> <!-- @AfterMethod name -->
  <testcase classname="LoginTest.LoginTest" name="@AfterClass closebrowser" time="0.0">
    <skipped/>
  </testcase> <!-- @AfterClass closebrowser -->
  <testcase classname="LoginTest.LoginTest" name="verifyname" time="0.0">
    <skipped/>
  </testcase> <!-- verifyname -->
  <testcase classname="LoginTest.LoginTest1" name="verifyname" time="2.717">
    <failure type="java.io.IOException" message="Your InputStream was neither an OLE2 stream, nor an OOXML stream or you haven&amp;apos;t provide the poi-ooxml*.jar in the classpath/modulepath - FileMagic: OOXML, having providers: [org.apache.poi.hssf.usermodel.HSSFWorkbookFactory@2418ba04]">
      <![CDATA[java.io.IOException: Your InputStream was neither an OLE2 stream, nor an OOXML stream or you haven't provide the poi-ooxml*.jar in the classpath/modulepath - FileMagic: OOXML, having providers: [org.apache.poi.hssf.usermodel.HSSFWorkbookFactory@2418ba04]
at org.apache.poi.ss.usermodel.WorkbookFactory.wp(WorkbookFactory.java:309)
at org.apache.poi.ss.usermodel.WorkbookFactory.create(WorkbookFactory.java:208)
at org.apache.poi.ss.usermodel.WorkbookFactory.create(WorkbookFactory.java:172)
at libraryFiles.UtilityClass.getTestData(UtilityClass.java:27)
at LoginTest.LoginTest1.verifyname(LoginTest1.java:74)
at java.base/java.util.ArrayList.forEach(ArrayList.java:1541)
... Removed 31 stack frames]]>
    </failure>
  </testcase> <!-- verifyname -->
</testsuite> <!-- Test -->
